{"C:\\kuliah\\Binar\\Coding\\Chapter 2\\Challenge\\src\\controllers\\auth.js": {"path":"C:\\kuliah\\Binar\\Coding\\Chapter 2\\Challenge\\src\\controllers\\auth.js","statementMap":{"0":{"start":{"line":1,"column":13},"end":{"line":1,"column":43}},"1":{"start":{"line":2,"column":13},"end":{"line":2,"column":44}},"2":{"start":{"line":6,"column":4},"end":{"line":6,"column":27}},"3":{"start":{"line":10,"column":4},"end":{"line":16,"column":5}},"4":{"start":{"line":11,"column":34},"end":{"line":11,"column":42}},"5":{"start":{"line":12,"column":21},"end":{"line":12,"column":59}},"6":{"start":{"line":13,"column":6},"end":{"line":13,"column":23}},"7":{"start":{"line":15,"column":6},"end":{"line":15,"column":55}},"8":{"start":{"line":20,"column":19},"end":{"line":20,"column":43}},"9":{"start":{"line":21,"column":4},"end":{"line":21,"column":21}},"10":{"start":{"line":25,"column":19},"end":{"line":25,"column":30}},"11":{"start":{"line":26,"column":28},"end":{"line":26,"column":36}},"12":{"start":{"line":27,"column":4},"end":{"line":32,"column":5}},"13":{"start":{"line":28,"column":21},"end":{"line":28,"column":71}},"14":{"start":{"line":29,"column":6},"end":{"line":29,"column":23}},"15":{"start":{"line":31,"column":6},"end":{"line":31,"column":55}},"16":{"start":{"line":36,"column":4},"end":{"line":42,"column":5}},"17":{"start":{"line":37,"column":20},"end":{"line":37,"column":34}},"18":{"start":{"line":38,"column":21},"end":{"line":38,"column":58}},"19":{"start":{"line":39,"column":6},"end":{"line":39,"column":23}},"20":{"start":{"line":41,"column":6},"end":{"line":41,"column":55}},"21":{"start":{"line":46,"column":4},"end":{"line":51,"column":7}},"22":{"start":{"line":55,"column":4},"end":{"line":76,"column":5}},"23":{"start":{"line":56,"column":20},"end":{"line":56,"column":35}},"24":{"start":{"line":58,"column":23},"end":{"line":62,"column":7}},"25":{"start":{"line":64,"column":26},"end":{"line":68,"column":7}},"26":{"start":{"line":70,"column":19},"end":{"line":70,"column":37}},"27":{"start":{"line":72,"column":38},"end":{"line":72,"column":83}},"28":{"start":{"line":73,"column":6},"end":{"line":73,"column":52}},"29":{"start":{"line":75,"column":6},"end":{"line":75,"column":18}},"30":{"start":{"line":80,"column":0},"end":{"line":80,"column":38}}},"fnMap":{"0":{"name":"(anonymous_0)","decl":{"start":{"line":5,"column":2},"end":{"line":5,"column":3}},"loc":{"start":{"line":5,"column":16},"end":{"line":7,"column":3}},"line":5},"1":{"name":"(anonymous_1)","decl":{"start":{"line":9,"column":2},"end":{"line":9,"column":3}},"loc":{"start":{"line":9,"column":24},"end":{"line":17,"column":3}},"line":9},"2":{"name":"(anonymous_2)","decl":{"start":{"line":19,"column":2},"end":{"line":19,"column":3}},"loc":{"start":{"line":19,"column":25},"end":{"line":22,"column":3}},"line":19},"3":{"name":"(anonymous_3)","decl":{"start":{"line":24,"column":2},"end":{"line":24,"column":3}},"loc":{"start":{"line":24,"column":32},"end":{"line":33,"column":3}},"line":24},"4":{"name":"(anonymous_4)","decl":{"start":{"line":35,"column":2},"end":{"line":35,"column":3}},"loc":{"start":{"line":35,"column":33},"end":{"line":43,"column":3}},"line":35},"5":{"name":"(anonymous_5)","decl":{"start":{"line":45,"column":2},"end":{"line":45,"column":3}},"loc":{"start":{"line":45,"column":19},"end":{"line":52,"column":3}},"line":45},"6":{"name":"(anonymous_6)","decl":{"start":{"line":54,"column":2},"end":{"line":54,"column":3}},"loc":{"start":{"line":54,"column":31},"end":{"line":77,"column":3}},"line":54}},"branchMap":{},"s":{"0":1,"1":1,"2":1,"3":2,"4":2,"5":2,"6":1,"7":1,"8":1,"9":1,"10":2,"11":2,"12":2,"13":2,"14":1,"15":1,"16":2,"17":2,"18":2,"19":1,"20":1,"21":1,"22":2,"23":2,"24":2,"25":2,"26":2,"27":2,"28":1,"29":1,"30":1},"f":{"0":1,"1":2,"2":1,"3":2,"4":2,"5":1,"6":2},"b":{},"_coverageSchema":"1a1c01bbd47fc00a2c39e90264f33305004495a9","hash":"647507ed0af813de044539bbf8b527a83a79b3a5"}
,"C:\\kuliah\\Binar\\Coding\\Chapter 2\\Challenge\\src\\controllers\\bank_accounts.js": {"path":"C:\\kuliah\\Binar\\Coding\\Chapter 2\\Challenge\\src\\controllers\\bank_accounts.js","statementMap":{"0":{"start":{"line":1,"column":20},"end":{"line":1,"column":56}},"1":{"start":{"line":5,"column":4},"end":{"line":15,"column":5}},"2":{"start":{"line":6,"column":27},"end":{"line":6,"column":65}},"3":{"start":{"line":8,"column":6},"end":{"line":10,"column":7}},"4":{"start":{"line":9,"column":8},"end":{"line":9,"column":80}},"5":{"start":{"line":12,"column":6},"end":{"line":12,"column":41}},"6":{"start":{"line":14,"column":6},"end":{"line":14,"column":55}},"7":{"start":{"line":19,"column":4},"end":{"line":36,"column":5}},"8":{"start":{"line":20,"column":63},"end":{"line":20,"column":71}},"9":{"start":{"line":22,"column":26},"end":{"line":27,"column":7}},"10":{"start":{"line":29,"column":22},"end":{"line":29,"column":50}},"11":{"start":{"line":31,"column":29},"end":{"line":31,"column":58}},"12":{"start":{"line":33,"column":6},"end":{"line":33,"column":43}},"13":{"start":{"line":35,"column":6},"end":{"line":35,"column":95}},"14":{"start":{"line":40,"column":4},"end":{"line":51,"column":5}},"15":{"start":{"line":41,"column":28},"end":{"line":41,"column":41}},"16":{"start":{"line":43,"column":26},"end":{"line":43,"column":77}},"17":{"start":{"line":44,"column":6},"end":{"line":46,"column":7}},"18":{"start":{"line":45,"column":8},"end":{"line":45,"column":80}},"19":{"start":{"line":48,"column":6},"end":{"line":48,"column":44}},"20":{"start":{"line":50,"column":6},"end":{"line":50,"column":76}},"21":{"start":{"line":55,"column":15},"end":{"line":55,"column":28}},"22":{"start":{"line":57,"column":4},"end":{"line":62,"column":5}},"23":{"start":{"line":58,"column":23},"end":{"line":58,"column":62}},"24":{"start":{"line":59,"column":6},"end":{"line":59,"column":44}},"25":{"start":{"line":61,"column":6},"end":{"line":61,"column":60}},"26":{"start":{"line":66,"column":15},"end":{"line":66,"column":28}},"27":{"start":{"line":67,"column":53},"end":{"line":67,"column":61}},"28":{"start":{"line":69,"column":4},"end":{"line":81,"column":5}},"29":{"start":{"line":70,"column":29},"end":{"line":74,"column":8}},"30":{"start":{"line":75,"column":6},"end":{"line":78,"column":9}},"31":{"start":{"line":80,"column":6},"end":{"line":80,"column":60}},"32":{"start":{"line":85,"column":15},"end":{"line":85,"column":28}},"33":{"start":{"line":86,"column":23},"end":{"line":86,"column":31}},"34":{"start":{"line":88,"column":4},"end":{"line":96,"column":5}},"35":{"start":{"line":89,"column":29},"end":{"line":89,"column":67}},"36":{"start":{"line":90,"column":6},"end":{"line":93,"column":9}},"37":{"start":{"line":95,"column":6},"end":{"line":95,"column":60}},"38":{"start":{"line":100,"column":15},"end":{"line":100,"column":28}},"39":{"start":{"line":101,"column":23},"end":{"line":101,"column":31}},"40":{"start":{"line":103,"column":4},"end":{"line":111,"column":5}},"41":{"start":{"line":104,"column":29},"end":{"line":104,"column":66}},"42":{"start":{"line":105,"column":6},"end":{"line":108,"column":9}},"43":{"start":{"line":110,"column":6},"end":{"line":110,"column":60}},"44":{"start":{"line":115,"column":0},"end":{"line":115,"column":45}}},"fnMap":{"0":{"name":"(anonymous_0)","decl":{"start":{"line":4,"column":2},"end":{"line":4,"column":3}},"loc":{"start":{"line":4,"column":37},"end":{"line":16,"column":3}},"line":4},"1":{"name":"(anonymous_1)","decl":{"start":{"line":18,"column":2},"end":{"line":18,"column":3}},"loc":{"start":{"line":18,"column":32},"end":{"line":37,"column":3}},"line":18},"2":{"name":"(anonymous_2)","decl":{"start":{"line":39,"column":2},"end":{"line":39,"column":3}},"loc":{"start":{"line":39,"column":37},"end":{"line":52,"column":3}},"line":39},"3":{"name":"(anonymous_3)","decl":{"start":{"line":54,"column":2},"end":{"line":54,"column":3}},"loc":{"start":{"line":54,"column":36},"end":{"line":63,"column":3}},"line":54},"4":{"name":"(anonymous_4)","decl":{"start":{"line":65,"column":2},"end":{"line":65,"column":3}},"loc":{"start":{"line":65,"column":32},"end":{"line":82,"column":3}},"line":65},"5":{"name":"(anonymous_5)","decl":{"start":{"line":84,"column":2},"end":{"line":84,"column":3}},"loc":{"start":{"line":84,"column":27},"end":{"line":97,"column":3}},"line":84},"6":{"name":"(anonymous_6)","decl":{"start":{"line":99,"column":2},"end":{"line":99,"column":3}},"loc":{"start":{"line":99,"column":26},"end":{"line":112,"column":3}},"line":99}},"branchMap":{"0":{"loc":{"start":{"line":8,"column":6},"end":{"line":10,"column":7}},"type":"if","locations":[{"start":{"line":8,"column":6},"end":{"line":10,"column":7}},{"start":{},"end":{}}],"line":8},"1":{"loc":{"start":{"line":8,"column":10},"end":{"line":8,"column":52}},"type":"binary-expr","locations":[{"start":{"line":8,"column":10},"end":{"line":8,"column":23}},{"start":{"line":8,"column":27},"end":{"line":8,"column":52}}],"line":8},"2":{"loc":{"start":{"line":44,"column":6},"end":{"line":46,"column":7}},"type":"if","locations":[{"start":{"line":44,"column":6},"end":{"line":46,"column":7}},{"start":{},"end":{}}],"line":44},"3":{"loc":{"start":{"line":44,"column":10},"end":{"line":44,"column":50}},"type":"binary-expr","locations":[{"start":{"line":44,"column":10},"end":{"line":44,"column":22}},{"start":{"line":44,"column":26},"end":{"line":44,"column":50}}],"line":44}},"s":{"0":1,"1":3,"2":3,"3":2,"4":1,"5":1,"6":1,"7":2,"8":2,"9":2,"10":2,"11":2,"12":1,"13":1,"14":3,"15":3,"16":3,"17":2,"18":1,"19":1,"20":1,"21":2,"22":2,"23":2,"24":1,"25":1,"26":2,"27":2,"28":2,"29":2,"30":1,"31":1,"32":2,"33":2,"34":2,"35":2,"36":1,"37":1,"38":2,"39":2,"40":2,"41":2,"42":1,"43":1,"44":1},"f":{"0":3,"1":2,"2":3,"3":2,"4":2,"5":2,"6":2},"b":{"0":[1,1],"1":[2,2],"2":[1,1],"3":[2,1]},"_coverageSchema":"1a1c01bbd47fc00a2c39e90264f33305004495a9","hash":"b07f27d010b1228bd98990d2084d51c682ea5c81"}
,"C:\\kuliah\\Binar\\Coding\\Chapter 2\\Challenge\\src\\controllers\\media.js": {"path":"C:\\kuliah\\Binar\\Coding\\Chapter 2\\Challenge\\src\\controllers\\media.js","statementMap":{"0":{"start":{"line":1,"column":14},"end":{"line":1,"column":42}},"1":{"start":{"line":5,"column":25},"end":{"line":5,"column":91}},"2":{"start":{"line":7,"column":8},"end":{"line":13,"column":11}},"3":{"start":{"line":17,"column":8},"end":{"line":33,"column":9}},"4":{"start":{"line":18,"column":31},"end":{"line":18,"column":69}},"5":{"start":{"line":19,"column":29},"end":{"line":19,"column":138}},"6":{"start":{"line":21,"column":12},"end":{"line":30,"column":15}},"7":{"start":{"line":32,"column":12},"end":{"line":32,"column":93}},"8":{"start":{"line":37,"column":8},"end":{"line":47,"column":9}},"9":{"start":{"line":38,"column":27},"end":{"line":38,"column":53}},"10":{"start":{"line":40,"column":12},"end":{"line":44,"column":15}},"11":{"start":{"line":46,"column":12},"end":{"line":46,"column":93}},"12":{"start":{"line":51,"column":8},"end":{"line":65,"column":9}},"13":{"start":{"line":52,"column":26},"end":{"line":52,"column":65}},"14":{"start":{"line":54,"column":12},"end":{"line":56,"column":13}},"15":{"start":{"line":55,"column":16},"end":{"line":55,"column":91}},"16":{"start":{"line":58,"column":12},"end":{"line":62,"column":15}},"17":{"start":{"line":64,"column":12},"end":{"line":64,"column":93}},"18":{"start":{"line":69,"column":8},"end":{"line":80,"column":9}},"19":{"start":{"line":70,"column":12},"end":{"line":70,"column":51}},"20":{"start":{"line":71,"column":12},"end":{"line":74,"column":15}},"21":{"start":{"line":76,"column":12},"end":{"line":78,"column":13}},"22":{"start":{"line":77,"column":16},"end":{"line":77,"column":91}},"23":{"start":{"line":79,"column":12},"end":{"line":79,"column":108}},"24":{"start":{"line":84,"column":8},"end":{"line":97,"column":9}},"25":{"start":{"line":85,"column":33},"end":{"line":85,"column":109}},"26":{"start":{"line":87,"column":12},"end":{"line":91,"column":15}},"27":{"start":{"line":93,"column":12},"end":{"line":95,"column":13}},"28":{"start":{"line":94,"column":16},"end":{"line":94,"column":91}},"29":{"start":{"line":96,"column":12},"end":{"line":96,"column":93}},"30":{"start":{"line":101,"column":0},"end":{"line":101,"column":33}}},"fnMap":{"0":{"name":"(anonymous_0)","decl":{"start":{"line":4,"column":4},"end":{"line":4,"column":5}},"loc":{"start":{"line":4,"column":40},"end":{"line":14,"column":5}},"line":4},"1":{"name":"(anonymous_1)","decl":{"start":{"line":16,"column":4},"end":{"line":16,"column":5}},"loc":{"start":{"line":16,"column":42},"end":{"line":34,"column":5}},"line":16},"2":{"name":"(anonymous_2)","decl":{"start":{"line":36,"column":4},"end":{"line":36,"column":5}},"loc":{"start":{"line":36,"column":40},"end":{"line":48,"column":5}},"line":36},"3":{"name":"(anonymous_3)","decl":{"start":{"line":50,"column":4},"end":{"line":50,"column":5}},"loc":{"start":{"line":50,"column":40},"end":{"line":66,"column":5}},"line":50},"4":{"name":"(anonymous_4)","decl":{"start":{"line":68,"column":4},"end":{"line":68,"column":5}},"loc":{"start":{"line":68,"column":39},"end":{"line":81,"column":5}},"line":68},"5":{"name":"(anonymous_5)","decl":{"start":{"line":83,"column":4},"end":{"line":83,"column":5}},"loc":{"start":{"line":83,"column":39},"end":{"line":98,"column":5}},"line":83}},"branchMap":{"0":{"loc":{"start":{"line":54,"column":12},"end":{"line":56,"column":13}},"type":"if","locations":[{"start":{"line":54,"column":12},"end":{"line":56,"column":13}},{"start":{},"end":{}}],"line":54},"1":{"loc":{"start":{"line":76,"column":12},"end":{"line":78,"column":13}},"type":"if","locations":[{"start":{"line":76,"column":12},"end":{"line":78,"column":13}},{"start":{},"end":{}}],"line":76},"2":{"loc":{"start":{"line":79,"column":66},"end":{"line":79,"column":104}},"type":"binary-expr","locations":[{"start":{"line":79,"column":66},"end":{"line":79,"column":77}},{"start":{"line":79,"column":81},"end":{"line":79,"column":104}}],"line":79},"3":{"loc":{"start":{"line":93,"column":12},"end":{"line":95,"column":13}},"type":"if","locations":[{"start":{"line":93,"column":12},"end":{"line":95,"column":13}},{"start":{},"end":{}}],"line":93}},"s":{"0":1,"1":1,"2":1,"3":2,"4":2,"5":1,"6":1,"7":1,"8":2,"9":2,"10":1,"11":1,"12":3,"13":3,"14":2,"15":1,"16":1,"17":1,"18":3,"19":3,"20":1,"21":2,"22":1,"23":1,"24":3,"25":3,"26":1,"27":2,"28":1,"29":1,"30":1},"f":{"0":1,"1":2,"2":2,"3":3,"4":3,"5":3},"b":{"0":[1,1],"1":[1,1],"2":[1,1],"3":[1,1]},"_coverageSchema":"1a1c01bbd47fc00a2c39e90264f33305004495a9","hash":"bf3f1db8d5b158fb9ed84ed91f44585d45e2009f"}
,"C:\\kuliah\\Binar\\Coding\\Chapter 2\\Challenge\\src\\controllers\\transactions.js": {"path":"C:\\kuliah\\Binar\\Coding\\Chapter 2\\Challenge\\src\\controllers\\transactions.js","statementMap":{"0":{"start":{"line":1,"column":20},"end":{"line":1,"column":55}},"1":{"start":{"line":5,"column":4},"end":{"line":14,"column":5}},"2":{"start":{"line":6,"column":27},"end":{"line":6,"column":65}},"3":{"start":{"line":8,"column":6},"end":{"line":10,"column":7}},"4":{"start":{"line":9,"column":8},"end":{"line":9,"column":80}},"5":{"start":{"line":11,"column":6},"end":{"line":11,"column":41}},"6":{"start":{"line":13,"column":6},"end":{"line":13,"column":55}},"7":{"start":{"line":18,"column":62},"end":{"line":18,"column":70}},"8":{"start":{"line":20,"column":4},"end":{"line":32,"column":5}},"9":{"start":{"line":21,"column":26},"end":{"line":21,"column":92}},"10":{"start":{"line":23,"column":32},"end":{"line":23,"column":69}},"11":{"start":{"line":25,"column":6},"end":{"line":28,"column":9}},"12":{"start":{"line":31,"column":6},"end":{"line":31,"column":60}},"13":{"start":{"line":36,"column":4},"end":{"line":47,"column":5}},"14":{"start":{"line":37,"column":28},"end":{"line":37,"column":41}},"15":{"start":{"line":39,"column":26},"end":{"line":39,"column":77}},"16":{"start":{"line":40,"column":6},"end":{"line":42,"column":7}},"17":{"start":{"line":41,"column":8},"end":{"line":41,"column":80}},"18":{"start":{"line":44,"column":6},"end":{"line":44,"column":44}},"19":{"start":{"line":46,"column":6},"end":{"line":46,"column":76}},"20":{"start":{"line":51,"column":0},"end":{"line":51,"column":45}}},"fnMap":{"0":{"name":"(anonymous_0)","decl":{"start":{"line":4,"column":2},"end":{"line":4,"column":3}},"loc":{"start":{"line":4,"column":37},"end":{"line":15,"column":3}},"line":4},"1":{"name":"(anonymous_1)","decl":{"start":{"line":17,"column":2},"end":{"line":17,"column":3}},"loc":{"start":{"line":17,"column":36},"end":{"line":33,"column":3}},"line":17},"2":{"name":"(anonymous_2)","decl":{"start":{"line":35,"column":2},"end":{"line":35,"column":3}},"loc":{"start":{"line":35,"column":37},"end":{"line":48,"column":3}},"line":35}},"branchMap":{"0":{"loc":{"start":{"line":8,"column":6},"end":{"line":10,"column":7}},"type":"if","locations":[{"start":{"line":8,"column":6},"end":{"line":10,"column":7}},{"start":{},"end":{}}],"line":8},"1":{"loc":{"start":{"line":8,"column":10},"end":{"line":8,"column":52}},"type":"binary-expr","locations":[{"start":{"line":8,"column":10},"end":{"line":8,"column":23}},{"start":{"line":8,"column":27},"end":{"line":8,"column":52}}],"line":8},"2":{"loc":{"start":{"line":40,"column":6},"end":{"line":42,"column":7}},"type":"if","locations":[{"start":{"line":40,"column":6},"end":{"line":42,"column":7}},{"start":{},"end":{}}],"line":40},"3":{"loc":{"start":{"line":40,"column":10},"end":{"line":40,"column":50}},"type":"binary-expr","locations":[{"start":{"line":40,"column":10},"end":{"line":40,"column":22}},{"start":{"line":40,"column":26},"end":{"line":40,"column":50}}],"line":40}},"s":{"0":1,"1":3,"2":3,"3":2,"4":1,"5":1,"6":1,"7":2,"8":2,"9":2,"10":2,"11":1,"12":1,"13":3,"14":3,"15":3,"16":2,"17":1,"18":1,"19":1,"20":1},"f":{"0":3,"1":2,"2":3},"b":{"0":[1,1],"1":[2,2],"2":[1,1],"3":[2,1]},"_coverageSchema":"1a1c01bbd47fc00a2c39e90264f33305004495a9","hash":"0fe31ce7c3ffaebee0c1f159fc7bfaea6ba54dcc"}
,"C:\\kuliah\\Binar\\Coding\\Chapter 2\\Challenge\\src\\controllers\\users.js": {"path":"C:\\kuliah\\Binar\\Coding\\Chapter 2\\Challenge\\src\\controllers\\users.js","statementMap":{"0":{"start":{"line":1,"column":13},"end":{"line":1,"column":41}},"1":{"start":{"line":5,"column":4},"end":{"line":14,"column":5}},"2":{"start":{"line":6,"column":20},"end":{"line":6,"column":44}},"3":{"start":{"line":8,"column":6},"end":{"line":10,"column":7}},"4":{"start":{"line":9,"column":8},"end":{"line":9,"column":73}},"5":{"start":{"line":11,"column":6},"end":{"line":11,"column":34}},"6":{"start":{"line":13,"column":6},"end":{"line":13,"column":55}},"7":{"start":{"line":18,"column":4},"end":{"line":29,"column":5}},"8":{"start":{"line":19,"column":21},"end":{"line":19,"column":34}},"9":{"start":{"line":21,"column":19},"end":{"line":21,"column":49}},"10":{"start":{"line":22,"column":6},"end":{"line":24,"column":7}},"11":{"start":{"line":23,"column":8},"end":{"line":23,"column":73}},"12":{"start":{"line":26,"column":6},"end":{"line":26,"column":37}},"13":{"start":{"line":28,"column":6},"end":{"line":28,"column":76}},"14":{"start":{"line":33,"column":4},"end":{"line":44,"column":5}},"15":{"start":{"line":34,"column":21},"end":{"line":34,"column":34}},"16":{"start":{"line":36,"column":19},"end":{"line":36,"column":49}},"17":{"start":{"line":37,"column":6},"end":{"line":39,"column":7}},"18":{"start":{"line":38,"column":8},"end":{"line":38,"column":73}},"19":{"start":{"line":41,"column":6},"end":{"line":41,"column":36}},"20":{"start":{"line":43,"column":6},"end":{"line":43,"column":76}},"21":{"start":{"line":48,"column":0},"end":{"line":48,"column":38}}},"fnMap":{"0":{"name":"(anonymous_0)","decl":{"start":{"line":4,"column":2},"end":{"line":4,"column":3}},"loc":{"start":{"line":4,"column":30},"end":{"line":15,"column":3}},"line":4},"1":{"name":"(anonymous_1)","decl":{"start":{"line":17,"column":2},"end":{"line":17,"column":3}},"loc":{"start":{"line":17,"column":30},"end":{"line":30,"column":3}},"line":17},"2":{"name":"(anonymous_2)","decl":{"start":{"line":32,"column":2},"end":{"line":32,"column":3}},"loc":{"start":{"line":32,"column":29},"end":{"line":45,"column":3}},"line":32}},"branchMap":{"0":{"loc":{"start":{"line":8,"column":6},"end":{"line":10,"column":7}},"type":"if","locations":[{"start":{"line":8,"column":6},"end":{"line":10,"column":7}},{"start":{},"end":{}}],"line":8},"1":{"loc":{"start":{"line":8,"column":10},"end":{"line":8,"column":38}},"type":"binary-expr","locations":[{"start":{"line":8,"column":10},"end":{"line":8,"column":16}},{"start":{"line":8,"column":20},"end":{"line":8,"column":38}}],"line":8},"2":{"loc":{"start":{"line":22,"column":6},"end":{"line":24,"column":7}},"type":"if","locations":[{"start":{"line":22,"column":6},"end":{"line":24,"column":7}},{"start":{},"end":{}}],"line":22},"3":{"loc":{"start":{"line":22,"column":10},"end":{"line":22,"column":36}},"type":"binary-expr","locations":[{"start":{"line":22,"column":10},"end":{"line":22,"column":15}},{"start":{"line":22,"column":19},"end":{"line":22,"column":36}}],"line":22},"4":{"loc":{"start":{"line":37,"column":6},"end":{"line":39,"column":7}},"type":"if","locations":[{"start":{"line":37,"column":6},"end":{"line":39,"column":7}},{"start":{},"end":{}}],"line":37},"5":{"loc":{"start":{"line":37,"column":10},"end":{"line":37,"column":36}},"type":"binary-expr","locations":[{"start":{"line":37,"column":10},"end":{"line":37,"column":15}},{"start":{"line":37,"column":19},"end":{"line":37,"column":36}}],"line":37}},"s":{"0":2,"1":6,"2":6,"3":4,"4":2,"5":2,"6":2,"7":3,"8":3,"9":3,"10":2,"11":1,"12":1,"13":1,"14":3,"15":3,"16":3,"17":2,"18":1,"19":1,"20":1,"21":2},"f":{"0":6,"1":3,"2":3},"b":{"0":[2,2],"1":[4,4],"2":[1,1],"3":[2,1],"4":[1,1],"5":[2,1]},"_coverageSchema":"1a1c01bbd47fc00a2c39e90264f33305004495a9","hash":"dfe56a518b0ca42f70cb6d96e8cc1f71b4df9884"}
,"C:\\kuliah\\Binar\\Coding\\Chapter 2\\Challenge\\src\\db\\index.js": {"path":"C:\\kuliah\\Binar\\Coding\\Chapter 2\\Challenge\\src\\db\\index.js","statementMap":{"0":{"start":{"line":1,"column":25},"end":{"line":1,"column":50}},"1":{"start":{"line":3,"column":15},"end":{"line":3,"column":33}},"2":{"start":{"line":5,"column":0},"end":{"line":5,"column":24}}},"fnMap":{},"branchMap":{},"s":{"0":7,"1":7,"2":7},"f":{},"b":{},"_coverageSchema":"1a1c01bbd47fc00a2c39e90264f33305004495a9","hash":"8b4b56ef09d1a739b8c59300fb06e322b955c118"}
,"C:\\kuliah\\Binar\\Coding\\Chapter 2\\Challenge\\src\\middleware\\imagekit.js": {"path":"C:\\kuliah\\Binar\\Coding\\Chapter 2\\Challenge\\src\\middleware\\imagekit.js","statementMap":{"0":{"start":{"line":1,"column":17},"end":{"line":1,"column":36}},"1":{"start":{"line":7,"column":4},"end":{"line":7,"column":15}},"2":{"start":{"line":9,"column":0},"end":{"line":13,"column":3}}},"fnMap":{},"branchMap":{},"s":{"0":1,"1":1,"2":1},"f":{},"b":{},"_coverageSchema":"1a1c01bbd47fc00a2c39e90264f33305004495a9","hash":"c851e426fb3e17c2d05c1c5a5d99bac6e8963cc1"}
,"C:\\kuliah\\Binar\\Coding\\Chapter 2\\Challenge\\src\\middleware\\restrict.js": {"path":"C:\\kuliah\\Binar\\Coding\\Chapter 2\\Challenge\\src\\middleware\\restrict.js","statementMap":{"0":{"start":{"line":1,"column":12},"end":{"line":1,"column":35}},"1":{"start":{"line":2,"column":23},"end":{"line":2,"column":34}},"2":{"start":{"line":4,"column":0},"end":{"line":30,"column":2}},"3":{"start":{"line":5,"column":30},"end":{"line":5,"column":41}},"4":{"start":{"line":7,"column":4},"end":{"line":13,"column":5}},"5":{"start":{"line":8,"column":8},"end":{"line":12,"column":11}},"6":{"start":{"line":15,"column":18},"end":{"line":15,"column":45}},"7":{"start":{"line":17,"column":4},"end":{"line":29,"column":7}},"8":{"start":{"line":18,"column":8},"end":{"line":25,"column":9}},"9":{"start":{"line":19,"column":12},"end":{"line":24,"column":15}},"10":{"start":{"line":27,"column":8},"end":{"line":27,"column":27}},"11":{"start":{"line":28,"column":8},"end":{"line":28,"column":15}}},"fnMap":{"0":{"name":"(anonymous_0)","decl":{"start":{"line":4,"column":17},"end":{"line":4,"column":18}},"loc":{"start":{"line":4,"column":43},"end":{"line":30,"column":1}},"line":4},"1":{"name":"(anonymous_1)","decl":{"start":{"line":17,"column":34},"end":{"line":17,"column":35}},"loc":{"start":{"line":17,"column":52},"end":{"line":29,"column":5}},"line":17}},"branchMap":{"0":{"loc":{"start":{"line":7,"column":4},"end":{"line":13,"column":5}},"type":"if","locations":[{"start":{"line":7,"column":4},"end":{"line":13,"column":5}},{"start":{},"end":{}}],"line":7},"1":{"loc":{"start":{"line":7,"column":8},"end":{"line":7,"column":62}},"type":"binary-expr","locations":[{"start":{"line":7,"column":8},"end":{"line":7,"column":22}},{"start":{"line":7,"column":26},"end":{"line":7,"column":62}}],"line":7},"2":{"loc":{"start":{"line":18,"column":8},"end":{"line":25,"column":9}},"type":"if","locations":[{"start":{"line":18,"column":8},"end":{"line":25,"column":9}},{"start":{},"end":{}}],"line":18}},"s":{"0":3,"1":3,"2":3,"3":4,"4":4,"5":2,"6":2,"7":2,"8":2,"9":1,"10":1,"11":1},"f":{"0":4,"1":2},"b":{"0":[2,2],"1":[4,3],"2":[1,1]},"_coverageSchema":"1a1c01bbd47fc00a2c39e90264f33305004495a9","hash":"5bc6ff1803eeffff04a6537ab0fe81970f5d598d"}
,"C:\\kuliah\\Binar\\Coding\\Chapter 2\\Challenge\\src\\middleware\\validator.js": {"path":"C:\\kuliah\\Binar\\Coding\\Chapter 2\\Challenge\\src\\middleware\\validator.js","statementMap":{"0":{"start":{"line":1,"column":12},"end":{"line":1,"column":26}},"1":{"start":{"line":3,"column":19},"end":{"line":49,"column":2}},"2":{"start":{"line":52,"column":21},"end":{"line":58,"column":1}},"3":{"start":{"line":53,"column":20},"end":{"line":53,"column":49}},"4":{"start":{"line":54,"column":2},"end":{"line":56,"column":3}},"5":{"start":{"line":55,"column":4},"end":{"line":55,"column":71}},"6":{"start":{"line":57,"column":2},"end":{"line":57,"column":9}},"7":{"start":{"line":60,"column":26},"end":{"line":103,"column":2}},"8":{"start":{"line":105,"column":31},"end":{"line":137,"column":2}},"9":{"start":{"line":139,"column":26},"end":{"line":171,"column":2}},"10":{"start":{"line":173,"column":28},"end":{"line":182,"column":2}},"11":{"start":{"line":184,"column":20},"end":{"line":200,"column":2}},"12":{"start":{"line":204,"column":28},"end":{"line":210,"column":1}},"13":{"start":{"line":205,"column":20},"end":{"line":205,"column":56}},"14":{"start":{"line":206,"column":2},"end":{"line":208,"column":3}},"15":{"start":{"line":207,"column":4},"end":{"line":207,"column":71}},"16":{"start":{"line":209,"column":2},"end":{"line":209,"column":9}},"17":{"start":{"line":212,"column":33},"end":{"line":218,"column":1}},"18":{"start":{"line":213,"column":20},"end":{"line":213,"column":61}},"19":{"start":{"line":214,"column":2},"end":{"line":216,"column":3}},"20":{"start":{"line":215,"column":4},"end":{"line":215,"column":71}},"21":{"start":{"line":217,"column":2},"end":{"line":217,"column":9}},"22":{"start":{"line":220,"column":28},"end":{"line":228,"column":1}},"23":{"start":{"line":221,"column":27},"end":{"line":221,"column":63}},"24":{"start":{"line":223,"column":2},"end":{"line":225,"column":3}},"25":{"start":{"line":224,"column":4},"end":{"line":224,"column":71}},"26":{"start":{"line":227,"column":2},"end":{"line":227,"column":9}},"27":{"start":{"line":230,"column":30},"end":{"line":236,"column":1}},"28":{"start":{"line":231,"column":20},"end":{"line":231,"column":58}},"29":{"start":{"line":232,"column":2},"end":{"line":234,"column":3}},"30":{"start":{"line":233,"column":4},"end":{"line":233,"column":71}},"31":{"start":{"line":235,"column":2},"end":{"line":235,"column":9}},"32":{"start":{"line":238,"column":22},"end":{"line":244,"column":1}},"33":{"start":{"line":239,"column":20},"end":{"line":239,"column":50}},"34":{"start":{"line":240,"column":2},"end":{"line":242,"column":3}},"35":{"start":{"line":241,"column":4},"end":{"line":241,"column":71}},"36":{"start":{"line":243,"column":2},"end":{"line":243,"column":9}},"37":{"start":{"line":247,"column":0},"end":{"line":247,"column":140}}},"fnMap":{"0":{"name":"(anonymous_0)","decl":{"start":{"line":52,"column":21},"end":{"line":52,"column":22}},"loc":{"start":{"line":52,"column":41},"end":{"line":58,"column":1}},"line":52},"1":{"name":"(anonymous_1)","decl":{"start":{"line":204,"column":28},"end":{"line":204,"column":29}},"loc":{"start":{"line":204,"column":48},"end":{"line":210,"column":1}},"line":204},"2":{"name":"(anonymous_2)","decl":{"start":{"line":212,"column":33},"end":{"line":212,"column":34}},"loc":{"start":{"line":212,"column":53},"end":{"line":218,"column":1}},"line":212},"3":{"name":"(anonymous_3)","decl":{"start":{"line":220,"column":28},"end":{"line":220,"column":29}},"loc":{"start":{"line":220,"column":48},"end":{"line":228,"column":1}},"line":220},"4":{"name":"(anonymous_4)","decl":{"start":{"line":230,"column":30},"end":{"line":230,"column":31}},"loc":{"start":{"line":230,"column":50},"end":{"line":236,"column":1}},"line":230},"5":{"name":"(anonymous_5)","decl":{"start":{"line":238,"column":22},"end":{"line":238,"column":23}},"loc":{"start":{"line":238,"column":42},"end":{"line":244,"column":1}},"line":238}},"branchMap":{"0":{"loc":{"start":{"line":54,"column":2},"end":{"line":56,"column":3}},"type":"if","locations":[{"start":{"line":54,"column":2},"end":{"line":56,"column":3}},{"start":{},"end":{}}],"line":54},"1":{"loc":{"start":{"line":206,"column":2},"end":{"line":208,"column":3}},"type":"if","locations":[{"start":{"line":206,"column":2},"end":{"line":208,"column":3}},{"start":{},"end":{}}],"line":206},"2":{"loc":{"start":{"line":214,"column":2},"end":{"line":216,"column":3}},"type":"if","locations":[{"start":{"line":214,"column":2},"end":{"line":216,"column":3}},{"start":{},"end":{}}],"line":214},"3":{"loc":{"start":{"line":223,"column":2},"end":{"line":225,"column":3}},"type":"if","locations":[{"start":{"line":223,"column":2},"end":{"line":225,"column":3}},{"start":{},"end":{}}],"line":223},"4":{"loc":{"start":{"line":232,"column":2},"end":{"line":234,"column":3}},"type":"if","locations":[{"start":{"line":232,"column":2},"end":{"line":234,"column":3}},{"start":{},"end":{}}],"line":232},"5":{"loc":{"start":{"line":240,"column":2},"end":{"line":242,"column":3}},"type":"if","locations":[{"start":{"line":240,"column":2},"end":{"line":242,"column":3}},{"start":{},"end":{}}],"line":240}},"s":{"0":1,"1":1,"2":1,"3":2,"4":2,"5":1,"6":1,"7":1,"8":1,"9":1,"10":1,"11":1,"12":1,"13":2,"14":2,"15":1,"16":1,"17":1,"18":2,"19":2,"20":1,"21":1,"22":1,"23":2,"24":2,"25":1,"26":1,"27":1,"28":2,"29":2,"30":1,"31":1,"32":1,"33":2,"34":2,"35":1,"36":1,"37":1},"f":{"0":2,"1":2,"2":2,"3":2,"4":2,"5":2},"b":{"0":[1,1],"1":[1,1],"2":[1,1],"3":[1,1],"4":[1,1],"5":[1,1]},"_coverageSchema":"1a1c01bbd47fc00a2c39e90264f33305004495a9","hash":"7c0bc7c69981d84f215bab5a0bad44d64eb949d4"}
,"C:\\kuliah\\Binar\\Coding\\Chapter 2\\Challenge\\src\\services\\auth.js": {"path":"C:\\kuliah\\Binar\\Coding\\Chapter 2\\Challenge\\src\\services\\auth.js","statementMap":{"0":{"start":{"line":1,"column":12},"end":{"line":1,"column":35}},"1":{"start":{"line":2,"column":15},"end":{"line":2,"column":32}},"2":{"start":{"line":3,"column":15},"end":{"line":3,"column":31}},"3":{"start":{"line":4,"column":23},"end":{"line":4,"column":34}},"4":{"start":{"line":5,"column":17},"end":{"line":5,"column":50}},"5":{"start":{"line":9,"column":4},"end":{"line":27,"column":5}},"6":{"start":{"line":10,"column":19},"end":{"line":12,"column":8}},"7":{"start":{"line":14,"column":6},"end":{"line":16,"column":7}},"8":{"start":{"line":15,"column":8},"end":{"line":15,"column":55}},"9":{"start":{"line":18,"column":22},"end":{"line":18,"column":71}},"10":{"start":{"line":19,"column":6},"end":{"line":21,"column":7}},"11":{"start":{"line":20,"column":8},"end":{"line":20,"column":55}},"12":{"start":{"line":23,"column":20},"end":{"line":23,"column":44}},"13":{"start":{"line":24,"column":6},"end":{"line":24,"column":69}},"14":{"start":{"line":26,"column":6},"end":{"line":26,"column":56}},"15":{"start":{"line":33,"column":6},"end":{"line":33,"column":46}},"16":{"start":{"line":40,"column":4},"end":{"line":49,"column":5}},"17":{"start":{"line":41,"column":29},"end":{"line":41,"column":63}},"18":{"start":{"line":42,"column":6},"end":{"line":45,"column":9}},"19":{"start":{"line":46,"column":6},"end":{"line":46,"column":56}},"20":{"start":{"line":48,"column":6},"end":{"line":48,"column":65}},"21":{"start":{"line":53,"column":4},"end":{"line":64,"column":5}},"22":{"start":{"line":54,"column":19},"end":{"line":56,"column":8}},"23":{"start":{"line":58,"column":6},"end":{"line":60,"column":7}},"24":{"start":{"line":59,"column":8},"end":{"line":59,"column":43}},"25":{"start":{"line":61,"column":6},"end":{"line":61,"column":63}},"26":{"start":{"line":63,"column":6},"end":{"line":63,"column":66}},"27":{"start":{"line":68,"column":4},"end":{"line":70,"column":7}},"28":{"start":{"line":74,"column":0},"end":{"line":74,"column":22}}},"fnMap":{"0":{"name":"(anonymous_0)","decl":{"start":{"line":8,"column":2},"end":{"line":8,"column":3}},"loc":{"start":{"line":8,"column":31},"end":{"line":28,"column":3}},"line":8},"1":{"name":"(anonymous_1)","decl":{"start":{"line":30,"column":2},"end":{"line":30,"column":3}},"loc":{"start":{"line":30,"column":17},"end":{"line":37,"column":3}},"line":30},"2":{"name":"(anonymous_2)","decl":{"start":{"line":39,"column":2},"end":{"line":39,"column":3}},"loc":{"start":{"line":39,"column":43},"end":{"line":50,"column":3}},"line":39},"3":{"name":"(anonymous_3)","decl":{"start":{"line":52,"column":2},"end":{"line":52,"column":3}},"loc":{"start":{"line":52,"column":30},"end":{"line":65,"column":3}},"line":52},"4":{"name":"(anonymous_4)","decl":{"start":{"line":67,"column":2},"end":{"line":67,"column":3}},"loc":{"start":{"line":67,"column":22},"end":{"line":71,"column":3}},"line":67}},"branchMap":{"0":{"loc":{"start":{"line":14,"column":6},"end":{"line":16,"column":7}},"type":"if","locations":[{"start":{"line":14,"column":6},"end":{"line":16,"column":7}},{"start":{},"end":{}}],"line":14},"1":{"loc":{"start":{"line":19,"column":6},"end":{"line":21,"column":7}},"type":"if","locations":[{"start":{"line":19,"column":6},"end":{"line":21,"column":7}},{"start":{},"end":{}}],"line":19},"2":{"loc":{"start":{"line":58,"column":6},"end":{"line":60,"column":7}},"type":"if","locations":[{"start":{"line":58,"column":6},"end":{"line":60,"column":7}},{"start":{},"end":{}}],"line":58}},"s":{"0":2,"1":2,"2":2,"3":2,"4":2,"5":3,"6":3,"7":3,"8":1,"9":2,"10":2,"11":1,"12":1,"13":1,"14":2,"15":1,"16":2,"17":2,"18":2,"19":1,"20":1,"21":2,"22":2,"23":2,"24":1,"25":1,"26":1,"27":1,"28":2},"f":{"0":3,"1":1,"2":2,"3":2,"4":1},"b":{"0":[1,2],"1":[1,1],"2":[1,1]},"_coverageSchema":"1a1c01bbd47fc00a2c39e90264f33305004495a9","hash":"3b80a968f4353efffa0825d39912d164f03c6944"}
,"C:\\kuliah\\Binar\\Coding\\Chapter 2\\Challenge\\src\\services\\bank_accounts.js": {"path":"C:\\kuliah\\Binar\\Coding\\Chapter 2\\Challenge\\src\\services\\bank_accounts.js","statementMap":{"0":{"start":{"line":1,"column":15},"end":{"line":1,"column":31}},"1":{"start":{"line":4,"column":20},"end":{"line":4,"column":26}},"2":{"start":{"line":6,"column":8},"end":{"line":6,"column":26}},"3":{"start":{"line":7,"column":8},"end":{"line":7,"column":30}},"4":{"start":{"line":8,"column":8},"end":{"line":8,"column":34}},"5":{"start":{"line":9,"column":8},"end":{"line":9,"column":36}},"6":{"start":{"line":13,"column":21},"end":{"line":15,"column":10}},"7":{"start":{"line":16,"column":8},"end":{"line":18,"column":9}},"8":{"start":{"line":17,"column":12},"end":{"line":17,"column":46}},"9":{"start":{"line":22,"column":8},"end":{"line":37,"column":9}},"10":{"start":{"line":24,"column":12},"end":{"line":24,"column":38}},"11":{"start":{"line":26,"column":31},"end":{"line":33,"column":14}},"12":{"start":{"line":34,"column":12},"end":{"line":34,"column":30}},"13":{"start":{"line":36,"column":12},"end":{"line":36,"column":80}},"14":{"start":{"line":41,"column":8},"end":{"line":51,"column":9}},"15":{"start":{"line":42,"column":33},"end":{"line":46,"column":14}},"16":{"start":{"line":48,"column":12},"end":{"line":48,"column":32}},"17":{"start":{"line":50,"column":12},"end":{"line":50,"column":82}},"18":{"start":{"line":55,"column":8},"end":{"line":72,"column":9}},"19":{"start":{"line":56,"column":32},"end":{"line":63,"column":14}},"20":{"start":{"line":65,"column":12},"end":{"line":67,"column":13}},"21":{"start":{"line":66,"column":16},"end":{"line":66,"column":58}},"22":{"start":{"line":69,"column":12},"end":{"line":69,"column":31}},"23":{"start":{"line":71,"column":12},"end":{"line":71,"column":77}},"24":{"start":{"line":76,"column":8},"end":{"line":96,"column":9}},"25":{"start":{"line":77,"column":32},"end":{"line":81,"column":14}},"26":{"start":{"line":83,"column":12},"end":{"line":85,"column":13}},"27":{"start":{"line":84,"column":16},"end":{"line":84,"column":58}},"28":{"start":{"line":87,"column":12},"end":{"line":91,"column":15}},"29":{"start":{"line":93,"column":12},"end":{"line":93,"column":68}},"30":{"start":{"line":95,"column":12},"end":{"line":95,"column":80}},"31":{"start":{"line":100,"column":8},"end":{"line":125,"column":9}},"32":{"start":{"line":101,"column":32},"end":{"line":105,"column":14}},"33":{"start":{"line":107,"column":12},"end":{"line":109,"column":13}},"34":{"start":{"line":108,"column":16},"end":{"line":108,"column":58}},"35":{"start":{"line":111,"column":35},"end":{"line":120,"column":14}},"36":{"start":{"line":122,"column":12},"end":{"line":122,"column":34}},"37":{"start":{"line":124,"column":12},"end":{"line":124,"column":80}},"38":{"start":{"line":129,"column":8},"end":{"line":160,"column":9}},"39":{"start":{"line":130,"column":32},"end":{"line":134,"column":14}},"40":{"start":{"line":136,"column":12},"end":{"line":138,"column":13}},"41":{"start":{"line":137,"column":16},"end":{"line":137,"column":58}},"42":{"start":{"line":140,"column":12},"end":{"line":142,"column":13}},"43":{"start":{"line":141,"column":16},"end":{"line":141,"column":68}},"44":{"start":{"line":144,"column":12},"end":{"line":146,"column":13}},"45":{"start":{"line":145,"column":16},"end":{"line":145,"column":56}},"46":{"start":{"line":148,"column":35},"end":{"line":155,"column":14}},"47":{"start":{"line":157,"column":12},"end":{"line":157,"column":34}},"48":{"start":{"line":159,"column":12},"end":{"line":159,"column":87}},"49":{"start":{"line":164,"column":8},"end":{"line":191,"column":9}},"50":{"start":{"line":165,"column":32},"end":{"line":169,"column":14}},"51":{"start":{"line":171,"column":12},"end":{"line":173,"column":13}},"52":{"start":{"line":172,"column":16},"end":{"line":172,"column":58}},"53":{"start":{"line":175,"column":12},"end":{"line":177,"column":13}},"54":{"start":{"line":176,"column":16},"end":{"line":176,"column":68}},"55":{"start":{"line":179,"column":35},"end":{"line":186,"column":14}},"56":{"start":{"line":188,"column":12},"end":{"line":188,"column":34}},"57":{"start":{"line":190,"column":12},"end":{"line":190,"column":86}},"58":{"start":{"line":195,"column":0},"end":{"line":195,"column":29}}},"fnMap":{"0":{"name":"(anonymous_0)","decl":{"start":{"line":5,"column":4},"end":{"line":5,"column":5}},"loc":{"start":{"line":5,"column":22},"end":{"line":10,"column":5}},"line":5},"1":{"name":"(anonymous_1)","decl":{"start":{"line":12,"column":4},"end":{"line":12,"column":5}},"loc":{"start":{"line":12,"column":25},"end":{"line":19,"column":5}},"line":12},"2":{"name":"(anonymous_2)","decl":{"start":{"line":21,"column":4},"end":{"line":21,"column":5}},"loc":{"start":{"line":21,"column":26},"end":{"line":38,"column":5}},"line":21},"3":{"name":"(anonymous_3)","decl":{"start":{"line":40,"column":4},"end":{"line":40,"column":5}},"loc":{"start":{"line":40,"column":38},"end":{"line":52,"column":5}},"line":40},"4":{"name":"(anonymous_4)","decl":{"start":{"line":54,"column":4},"end":{"line":54,"column":5}},"loc":{"start":{"line":54,"column":51},"end":{"line":73,"column":5}},"line":54},"5":{"name":"(anonymous_5)","decl":{"start":{"line":75,"column":4},"end":{"line":75,"column":5}},"loc":{"start":{"line":75,"column":50},"end":{"line":97,"column":5}},"line":75},"6":{"name":"(anonymous_6)","decl":{"start":{"line":99,"column":4},"end":{"line":99,"column":5}},"loc":{"start":{"line":99,"column":59},"end":{"line":126,"column":5}},"line":99},"7":{"name":"(anonymous_7)","decl":{"start":{"line":128,"column":4},"end":{"line":128,"column":5}},"loc":{"start":{"line":128,"column":49},"end":{"line":161,"column":5}},"line":128},"8":{"name":"(anonymous_8)","decl":{"start":{"line":163,"column":4},"end":{"line":163,"column":5}},"loc":{"start":{"line":163,"column":48},"end":{"line":192,"column":5}},"line":163}},"branchMap":{"0":{"loc":{"start":{"line":16,"column":8},"end":{"line":18,"column":9}},"type":"if","locations":[{"start":{"line":16,"column":8},"end":{"line":18,"column":9}},{"start":{},"end":{}}],"line":16},"1":{"loc":{"start":{"line":65,"column":12},"end":{"line":67,"column":13}},"type":"if","locations":[{"start":{"line":65,"column":12},"end":{"line":67,"column":13}},{"start":{},"end":{}}],"line":65},"2":{"loc":{"start":{"line":83,"column":12},"end":{"line":85,"column":13}},"type":"if","locations":[{"start":{"line":83,"column":12},"end":{"line":85,"column":13}},{"start":{},"end":{}}],"line":83},"3":{"loc":{"start":{"line":107,"column":12},"end":{"line":109,"column":13}},"type":"if","locations":[{"start":{"line":107,"column":12},"end":{"line":109,"column":13}},{"start":{},"end":{}}],"line":107},"4":{"loc":{"start":{"line":136,"column":12},"end":{"line":138,"column":13}},"type":"if","locations":[{"start":{"line":136,"column":12},"end":{"line":138,"column":13}},{"start":{},"end":{}}],"line":136},"5":{"loc":{"start":{"line":140,"column":12},"end":{"line":142,"column":13}},"type":"if","locations":[{"start":{"line":140,"column":12},"end":{"line":142,"column":13}},{"start":{},"end":{}}],"line":140},"6":{"loc":{"start":{"line":144,"column":12},"end":{"line":146,"column":13}},"type":"if","locations":[{"start":{"line":144,"column":12},"end":{"line":146,"column":13}},{"start":{},"end":{}}],"line":144},"7":{"loc":{"start":{"line":171,"column":12},"end":{"line":173,"column":13}},"type":"if","locations":[{"start":{"line":171,"column":12},"end":{"line":173,"column":13}},{"start":{},"end":{}}],"line":171},"8":{"loc":{"start":{"line":175,"column":12},"end":{"line":177,"column":13}},"type":"if","locations":[{"start":{"line":175,"column":12},"end":{"line":177,"column":13}},{"start":{},"end":{}}],"line":175}},"s":{"0":2,"1":2,"2":3,"3":3,"4":3,"5":3,"6":3,"7":3,"8":1,"9":3,"10":3,"11":2,"12":1,"13":2,"14":3,"15":3,"16":2,"17":1,"18":2,"19":2,"20":2,"21":1,"22":1,"23":1,"24":2,"25":2,"26":2,"27":1,"28":1,"29":1,"30":1,"31":2,"32":2,"33":2,"34":1,"35":1,"36":1,"37":1,"38":5,"39":5,"40":5,"41":1,"42":4,"43":2,"44":2,"45":1,"46":1,"47":1,"48":4,"49":4,"50":4,"51":4,"52":1,"53":3,"54":2,"55":1,"56":1,"57":3,"58":2},"f":{"0":3,"1":3,"2":3,"3":3,"4":2,"5":2,"6":2,"7":5,"8":4},"b":{"0":[1,2],"1":[1,1],"2":[1,1],"3":[1,1],"4":[1,4],"5":[2,2],"6":[1,1],"7":[1,3],"8":[2,1]},"_coverageSchema":"1a1c01bbd47fc00a2c39e90264f33305004495a9","hash":"14e85a9965a422f0b59fe5526df1a97b065a6256"}
,"C:\\kuliah\\Binar\\Coding\\Chapter 2\\Challenge\\src\\services\\media.js": {"path":"C:\\kuliah\\Binar\\Coding\\Chapter 2\\Challenge\\src\\services\\media.js","statementMap":{"0":{"start":{"line":1,"column":17},"end":{"line":1,"column":50}},"1":{"start":{"line":2,"column":15},"end":{"line":2,"column":31}},"2":{"start":{"line":6,"column":27},"end":{"line":6,"column":57}},"3":{"start":{"line":8,"column":8},"end":{"line":11,"column":11}},"4":{"start":{"line":15,"column":8},"end":{"line":23,"column":11}},"5":{"start":{"line":27,"column":8},"end":{"line":31,"column":11}},"6":{"start":{"line":35,"column":8},"end":{"line":40,"column":11}},"7":{"start":{"line":44,"column":22},"end":{"line":46,"column":10}},"8":{"start":{"line":48,"column":8},"end":{"line":48,"column":55}},"9":{"start":{"line":48,"column":20},"end":{"line":48,"column":55}},"10":{"start":{"line":50,"column":8},"end":{"line":50,"column":48}},"11":{"start":{"line":51,"column":8},"end":{"line":53,"column":11}},"12":{"start":{"line":57,"column":8},"end":{"line":60,"column":11}},"13":{"start":{"line":64,"column":0},"end":{"line":64,"column":23}}},"fnMap":{"0":{"name":"(anonymous_0)","decl":{"start":{"line":5,"column":4},"end":{"line":5,"column":5}},"loc":{"start":{"line":5,"column":40},"end":{"line":12,"column":5}},"line":5},"1":{"name":"(anonymous_1)","decl":{"start":{"line":14,"column":4},"end":{"line":14,"column":5}},"loc":{"start":{"line":14,"column":75},"end":{"line":24,"column":5}},"line":14},"2":{"name":"(anonymous_2)","decl":{"start":{"line":26,"column":4},"end":{"line":26,"column":5}},"loc":{"start":{"line":26,"column":32},"end":{"line":32,"column":5}},"line":26},"3":{"name":"(anonymous_3)","decl":{"start":{"line":34,"column":4},"end":{"line":34,"column":5}},"loc":{"start":{"line":34,"column":34},"end":{"line":41,"column":5}},"line":34},"4":{"name":"(anonymous_4)","decl":{"start":{"line":43,"column":4},"end":{"line":43,"column":5}},"loc":{"start":{"line":43,"column":33},"end":{"line":54,"column":5}},"line":43},"5":{"name":"(anonymous_5)","decl":{"start":{"line":56,"column":4},"end":{"line":56,"column":5}},"loc":{"start":{"line":56,"column":53},"end":{"line":61,"column":5}},"line":56}},"branchMap":{"0":{"loc":{"start":{"line":18,"column":29},"end":{"line":18,"column":46}},"type":"binary-expr","locations":[{"start":{"line":18,"column":29},"end":{"line":18,"column":40}},{"start":{"line":18,"column":44},"end":{"line":18,"column":46}}],"line":18},"1":{"loc":{"start":{"line":48,"column":8},"end":{"line":48,"column":55}},"type":"if","locations":[{"start":{"line":48,"column":8},"end":{"line":48,"column":55}},{"start":{},"end":{}}],"line":48}},"s":{"0":2,"1":2,"2":2,"3":2,"4":3,"5":1,"6":3,"7":4,"8":4,"9":1,"10":3,"11":2,"12":2,"13":2},"f":{"0":2,"1":3,"2":1,"3":3,"4":4,"5":2},"b":{"0":[3,1],"1":[1,3]},"_coverageSchema":"1a1c01bbd47fc00a2c39e90264f33305004495a9","hash":"78a6b719ef29e163d4280c5fb5229102f4e3758d"}
,"C:\\kuliah\\Binar\\Coding\\Chapter 2\\Challenge\\src\\services\\profiles.js": {"path":"C:\\kuliah\\Binar\\Coding\\Chapter 2\\Challenge\\src\\services\\profiles.js","statementMap":{"0":{"start":{"line":1,"column":15},"end":{"line":1,"column":31}},"1":{"start":{"line":4,"column":18},"end":{"line":4,"column":24}},"2":{"start":{"line":6,"column":4},"end":{"line":6,"column":26}},"3":{"start":{"line":7,"column":4},"end":{"line":7,"column":30}},"4":{"start":{"line":8,"column":4},"end":{"line":8,"column":32}},"5":{"start":{"line":12,"column":4},"end":{"line":24,"column":5}},"6":{"start":{"line":13,"column":25},"end":{"line":20,"column":8}},"7":{"start":{"line":21,"column":6},"end":{"line":21,"column":24}},"8":{"start":{"line":23,"column":6},"end":{"line":23,"column":69}},"9":{"start":{"line":28,"column":4},"end":{"line":37,"column":5}},"10":{"start":{"line":29,"column":22},"end":{"line":33,"column":8}},"11":{"start":{"line":34,"column":6},"end":{"line":34,"column":21}},"12":{"start":{"line":36,"column":6},"end":{"line":36,"column":66}},"13":{"start":{"line":41,"column":0},"end":{"line":41,"column":25}}},"fnMap":{"0":{"name":"(anonymous_0)","decl":{"start":{"line":5,"column":2},"end":{"line":5,"column":3}},"loc":{"start":{"line":5,"column":20},"end":{"line":9,"column":3}},"line":5},"1":{"name":"(anonymous_1)","decl":{"start":{"line":11,"column":2},"end":{"line":11,"column":3}},"loc":{"start":{"line":11,"column":34},"end":{"line":25,"column":3}},"line":11},"2":{"name":"(anonymous_2)","decl":{"start":{"line":27,"column":2},"end":{"line":27,"column":3}},"loc":{"start":{"line":27,"column":30},"end":{"line":38,"column":3}},"line":27}},"branchMap":{},"s":{"0":5,"1":5,"2":6,"3":6,"4":6,"5":3,"6":3,"7":2,"8":1,"9":3,"10":3,"11":2,"12":1,"13":5},"f":{"0":6,"1":3,"2":3},"b":{},"_coverageSchema":"1a1c01bbd47fc00a2c39e90264f33305004495a9","hash":"7137423c424044b3ccdc4f01cf10e6681715fd7b"}
,"C:\\kuliah\\Binar\\Coding\\Chapter 2\\Challenge\\src\\services\\transactions.js": {"path":"C:\\kuliah\\Binar\\Coding\\Chapter 2\\Challenge\\src\\services\\transactions.js","statementMap":{"0":{"start":{"line":1,"column":15},"end":{"line":1,"column":31}},"1":{"start":{"line":4,"column":18},"end":{"line":4,"column":24}},"2":{"start":{"line":6,"column":4},"end":{"line":6,"column":48}},"3":{"start":{"line":7,"column":4},"end":{"line":7,"column":58}},"4":{"start":{"line":8,"column":4},"end":{"line":8,"column":30}},"5":{"start":{"line":12,"column":4},"end":{"line":40,"column":5}},"6":{"start":{"line":13,"column":32},"end":{"line":34,"column":8}},"7":{"start":{"line":15,"column":30},"end":{"line":15,"column":77}},"8":{"start":{"line":17,"column":8},"end":{"line":17,"column":51}},"9":{"start":{"line":19,"column":35},"end":{"line":19,"column":87}},"10":{"start":{"line":21,"column":8},"end":{"line":21,"column":103}},"11":{"start":{"line":23,"column":8},"end":{"line":23,"column":113}},"12":{"start":{"line":25,"column":31},"end":{"line":31,"column":10}},"13":{"start":{"line":33,"column":8},"end":{"line":33,"column":30}},"14":{"start":{"line":36,"column":6},"end":{"line":36,"column":31}},"15":{"start":{"line":39,"column":6},"end":{"line":39,"column":74}},"16":{"start":{"line":44,"column":20},"end":{"line":46,"column":6}},"17":{"start":{"line":48,"column":4},"end":{"line":50,"column":5}},"18":{"start":{"line":49,"column":6},"end":{"line":49,"column":64}},"19":{"start":{"line":52,"column":4},"end":{"line":52,"column":19}},"20":{"start":{"line":56,"column":4},"end":{"line":58,"column":5}},"21":{"start":{"line":57,"column":6},"end":{"line":57,"column":64}},"22":{"start":{"line":62,"column":4},"end":{"line":65,"column":7}},"23":{"start":{"line":69,"column":4},"end":{"line":79,"column":5}},"24":{"start":{"line":70,"column":27},"end":{"line":75,"column":8}},"25":{"start":{"line":76,"column":6},"end":{"line":76,"column":26}},"26":{"start":{"line":78,"column":6},"end":{"line":78,"column":76}},"27":{"start":{"line":83,"column":4},"end":{"line":97,"column":5}},"28":{"start":{"line":84,"column":26},"end":{"line":92,"column":8}},"29":{"start":{"line":94,"column":6},"end":{"line":94,"column":25}},"30":{"start":{"line":96,"column":6},"end":{"line":96,"column":70}},"31":{"start":{"line":101,"column":0},"end":{"line":101,"column":29}}},"fnMap":{"0":{"name":"(anonymous_0)","decl":{"start":{"line":5,"column":2},"end":{"line":5,"column":3}},"loc":{"start":{"line":5,"column":20},"end":{"line":9,"column":3}},"line":5},"1":{"name":"(anonymous_1)","decl":{"start":{"line":11,"column":2},"end":{"line":11,"column":3}},"loc":{"start":{"line":11,"column":28},"end":{"line":41,"column":3}},"line":11},"2":{"name":"(anonymous_2)","decl":{"start":{"line":13,"column":70},"end":{"line":13,"column":71}},"loc":{"start":{"line":13,"column":84},"end":{"line":34,"column":7}},"line":13},"3":{"name":"(anonymous_3)","decl":{"start":{"line":43,"column":2},"end":{"line":43,"column":3}},"loc":{"start":{"line":43,"column":34},"end":{"line":53,"column":3}},"line":43},"4":{"name":"(anonymous_4)","decl":{"start":{"line":55,"column":2},"end":{"line":55,"column":3}},"loc":{"start":{"line":55,"column":34},"end":{"line":59,"column":3}},"line":55},"5":{"name":"(anonymous_5)","decl":{"start":{"line":61,"column":2},"end":{"line":61,"column":3}},"loc":{"start":{"line":61,"column":56},"end":{"line":66,"column":3}},"line":61},"6":{"name":"(anonymous_6)","decl":{"start":{"line":68,"column":2},"end":{"line":68,"column":3}},"loc":{"start":{"line":68,"column":36},"end":{"line":80,"column":3}},"line":68},"7":{"name":"(anonymous_7)","decl":{"start":{"line":82,"column":2},"end":{"line":82,"column":3}},"loc":{"start":{"line":82,"column":49},"end":{"line":98,"column":3}},"line":82}},"branchMap":{"0":{"loc":{"start":{"line":48,"column":4},"end":{"line":50,"column":5}},"type":"if","locations":[{"start":{"line":48,"column":4},"end":{"line":50,"column":5}},{"start":{},"end":{}}],"line":48},"1":{"loc":{"start":{"line":56,"column":4},"end":{"line":58,"column":5}},"type":"if","locations":[{"start":{"line":56,"column":4},"end":{"line":58,"column":5}},{"start":{},"end":{}}],"line":56}},"s":{"0":2,"1":2,"2":4,"3":4,"4":4,"5":4,"6":4,"7":4,"8":3,"9":2,"10":1,"11":1,"12":1,"13":1,"14":1,"15":3,"16":6,"17":6,"18":2,"19":4,"20":3,"21":1,"22":2,"23":2,"24":2,"25":1,"26":1,"27":3,"28":3,"29":2,"30":1,"31":2},"f":{"0":4,"1":4,"2":4,"3":6,"4":3,"5":2,"6":2,"7":3},"b":{"0":[2,4],"1":[1,2]},"_coverageSchema":"1a1c01bbd47fc00a2c39e90264f33305004495a9","hash":"a3b27b68f179573341a9161d5861d78c7abbbb2b"}
,"C:\\kuliah\\Binar\\Coding\\Chapter 2\\Challenge\\src\\services\\users.js": {"path":"C:\\kuliah\\Binar\\Coding\\Chapter 2\\Challenge\\src\\services\\users.js","statementMap":{"0":{"start":{"line":1,"column":15},"end":{"line":1,"column":31}},"1":{"start":{"line":2,"column":16},"end":{"line":2,"column":37}},"2":{"start":{"line":3,"column":15},"end":{"line":3,"column":32}},"3":{"start":{"line":6,"column":18},"end":{"line":6,"column":24}},"4":{"start":{"line":8,"column":4},"end":{"line":8,"column":26}},"5":{"start":{"line":9,"column":4},"end":{"line":9,"column":28}},"6":{"start":{"line":10,"column":4},"end":{"line":10,"column":34}},"7":{"start":{"line":15,"column":4},"end":{"line":43,"column":5}},"8":{"start":{"line":16,"column":26},"end":{"line":18,"column":6}},"9":{"start":{"line":20,"column":4},"end":{"line":22,"column":5}},"10":{"start":{"line":21,"column":6},"end":{"line":21,"column":53}},"11":{"start":{"line":24,"column":29},"end":{"line":24,"column":65}},"12":{"start":{"line":25,"column":21},"end":{"line":38,"column":8}},"13":{"start":{"line":26,"column":24},"end":{"line":32,"column":10}},"14":{"start":{"line":33,"column":24},"end":{"line":33,"column":48}},"15":{"start":{"line":35,"column":27},"end":{"line":35,"column":74}},"16":{"start":{"line":37,"column":8},"end":{"line":37,"column":39}},"17":{"start":{"line":40,"column":6},"end":{"line":40,"column":20}},"18":{"start":{"line":42,"column":6},"end":{"line":42,"column":79}},"19":{"start":{"line":47,"column":4},"end":{"line":66,"column":5}},"20":{"start":{"line":48,"column":19},"end":{"line":61,"column":8}},"21":{"start":{"line":63,"column":6},"end":{"line":63,"column":18}},"22":{"start":{"line":65,"column":6},"end":{"line":65,"column":63}},"23":{"start":{"line":70,"column":4},"end":{"line":80,"column":5}},"24":{"start":{"line":71,"column":20},"end":{"line":75,"column":8}},"25":{"start":{"line":77,"column":6},"end":{"line":77,"column":19}},"26":{"start":{"line":79,"column":6},"end":{"line":79,"column":68}},"27":{"start":{"line":85,"column":0},"end":{"line":85,"column":22}}},"fnMap":{"0":{"name":"(anonymous_0)","decl":{"start":{"line":7,"column":2},"end":{"line":7,"column":3}},"loc":{"start":{"line":7,"column":20},"end":{"line":12,"column":3}},"line":7},"1":{"name":"(anonymous_1)","decl":{"start":{"line":14,"column":2},"end":{"line":14,"column":3}},"loc":{"start":{"line":14,"column":43},"end":{"line":44,"column":3}},"line":14},"2":{"name":"(anonymous_2)","decl":{"start":{"line":25,"column":52},"end":{"line":25,"column":53}},"loc":{"start":{"line":25,"column":66},"end":{"line":38,"column":7}},"line":25},"3":{"name":"(anonymous_3)","decl":{"start":{"line":46,"column":2},"end":{"line":46,"column":3}},"loc":{"start":{"line":46,"column":35},"end":{"line":67,"column":3}},"line":46},"4":{"name":"(anonymous_4)","decl":{"start":{"line":69,"column":2},"end":{"line":69,"column":3}},"loc":{"start":{"line":69,"column":29},"end":{"line":81,"column":3}},"line":69}},"branchMap":{"0":{"loc":{"start":{"line":20,"column":4},"end":{"line":22,"column":5}},"type":"if","locations":[{"start":{"line":20,"column":4},"end":{"line":22,"column":5}},{"start":{},"end":{}}],"line":20}},"s":{"0":4,"1":4,"2":4,"3":4,"4":4,"5":4,"6":4,"7":4,"8":4,"9":4,"10":1,"11":3,"12":2,"13":1,"14":1,"15":1,"16":1,"17":1,"18":3,"19":3,"20":3,"21":2,"22":1,"23":3,"24":3,"25":2,"26":1,"27":4},"f":{"0":4,"1":4,"2":1,"3":3,"4":3},"b":{"0":[1,3]},"_coverageSchema":"1a1c01bbd47fc00a2c39e90264f33305004495a9","hash":"462e6af412b20664271b5b4fe0f1edaef4495578"}
}
