TN:
SF:src\controllers\auth.js
FN:5,(anonymous_0)
FN:9,(anonymous_1)
FN:19,(anonymous_2)
FN:24,(anonymous_3)
FN:35,(anonymous_4)
FN:45,(anonymous_5)
FN:54,(anonymous_6)
FNF:7
FNH:7
FNDA:1,(anonymous_0)
FNDA:2,(anonymous_1)
FNDA:1,(anonymous_2)
FNDA:2,(anonymous_3)
FNDA:2,(anonymous_4)
FNDA:1,(anonymous_5)
FNDA:2,(anonymous_6)
DA:1,1
DA:2,1
DA:6,1
DA:10,2
DA:11,2
DA:12,2
DA:13,1
DA:15,1
DA:20,1
DA:21,1
DA:25,2
DA:26,2
DA:27,2
DA:28,2
DA:29,1
DA:31,1
DA:36,2
DA:37,2
DA:38,2
DA:39,1
DA:41,1
DA:46,1
DA:55,2
DA:56,2
DA:58,2
DA:64,2
DA:70,2
DA:72,2
DA:73,1
DA:75,1
DA:80,1
LF:31
LH:31
BRF:0
BRH:0
end_of_record
TN:
SF:src\controllers\bank_accounts.js
FN:4,(anonymous_0)
FN:18,(anonymous_1)
FN:39,(anonymous_2)
FN:54,(anonymous_3)
FN:65,(anonymous_4)
FN:84,(anonymous_5)
FN:99,(anonymous_6)
FNF:7
FNH:7
FNDA:3,(anonymous_0)
FNDA:2,(anonymous_1)
FNDA:3,(anonymous_2)
FNDA:2,(anonymous_3)
FNDA:2,(anonymous_4)
FNDA:2,(anonymous_5)
FNDA:2,(anonymous_6)
DA:1,1
DA:5,3
DA:6,3
DA:8,2
DA:9,1
DA:12,1
DA:14,1
DA:19,2
DA:20,2
DA:22,2
DA:29,2
DA:31,2
DA:33,1
DA:35,1
DA:40,3
DA:41,3
DA:43,3
DA:44,2
DA:45,1
DA:48,1
DA:50,1
DA:55,2
DA:57,2
DA:58,2
DA:59,1
DA:61,1
DA:66,2
DA:67,2
DA:69,2
DA:70,2
DA:75,1
DA:80,1
DA:85,2
DA:86,2
DA:88,2
DA:89,2
DA:90,1
DA:95,1
DA:100,2
DA:101,2
DA:103,2
DA:104,2
DA:105,1
DA:110,1
DA:115,1
LF:45
LH:45
BRDA:8,0,0,1
BRDA:8,0,1,1
BRDA:8,1,0,2
BRDA:8,1,1,2
BRDA:44,2,0,1
BRDA:44,2,1,1
BRDA:44,3,0,2
BRDA:44,3,1,1
BRF:8
BRH:8
end_of_record
TN:
SF:src\controllers\media.js
FN:4,(anonymous_0)
FN:16,(anonymous_1)
FN:36,(anonymous_2)
FN:50,(anonymous_3)
FN:68,(anonymous_4)
FN:83,(anonymous_5)
FNF:6
FNH:6
FNDA:1,(anonymous_0)
FNDA:2,(anonymous_1)
FNDA:2,(anonymous_2)
FNDA:3,(anonymous_3)
FNDA:3,(anonymous_4)
FNDA:3,(anonymous_5)
DA:1,1
DA:5,1
DA:7,1
DA:17,2
DA:18,2
DA:19,1
DA:21,1
DA:32,1
DA:37,2
DA:38,2
DA:40,1
DA:46,1
DA:51,3
DA:52,3
DA:54,2
DA:55,1
DA:58,1
DA:64,1
DA:69,3
DA:70,3
DA:71,1
DA:76,2
DA:77,1
DA:79,1
DA:84,3
DA:85,3
DA:87,1
DA:93,2
DA:94,1
DA:96,1
DA:101,1
LF:31
LH:31
BRDA:54,0,0,1
BRDA:54,0,1,1
BRDA:76,1,0,1
BRDA:76,1,1,1
BRDA:79,2,0,1
BRDA:79,2,1,1
BRDA:93,3,0,1
BRDA:93,3,1,1
BRF:8
BRH:8
end_of_record
TN:
SF:src\controllers\transactions.js
FN:4,(anonymous_0)
FN:17,(anonymous_1)
FN:35,(anonymous_2)
FNF:3
FNH:3
FNDA:3,(anonymous_0)
FNDA:2,(anonymous_1)
FNDA:3,(anonymous_2)
DA:1,1
DA:5,3
DA:6,3
DA:8,2
DA:9,1
DA:11,1
DA:13,1
DA:18,2
DA:20,2
DA:21,2
DA:23,2
DA:25,1
DA:31,1
DA:36,3
DA:37,3
DA:39,3
DA:40,2
DA:41,1
DA:44,1
DA:46,1
DA:51,1
LF:21
LH:21
BRDA:8,0,0,1
BRDA:8,0,1,1
BRDA:8,1,0,2
BRDA:8,1,1,2
BRDA:40,2,0,1
BRDA:40,2,1,1
BRDA:40,3,0,2
BRDA:40,3,1,1
BRF:8
BRH:8
end_of_record
TN:
SF:src\controllers\users.js
FN:4,(anonymous_0)
FN:17,(anonymous_1)
FN:32,(anonymous_2)
FNF:3
FNH:3
FNDA:6,(anonymous_0)
FNDA:3,(anonymous_1)
FNDA:3,(anonymous_2)
DA:1,2
DA:5,6
DA:6,6
DA:8,4
DA:9,2
DA:11,2
DA:13,2
DA:18,3
DA:19,3
DA:21,3
DA:22,2
DA:23,1
DA:26,1
DA:28,1
DA:33,3
DA:34,3
DA:36,3
DA:37,2
DA:38,1
DA:41,1
DA:43,1
DA:48,2
LF:22
LH:22
BRDA:8,0,0,2
BRDA:8,0,1,2
BRDA:8,1,0,4
BRDA:8,1,1,4
BRDA:22,2,0,1
BRDA:22,2,1,1
BRDA:22,3,0,2
BRDA:22,3,1,1
BRDA:37,4,0,1
BRDA:37,4,1,1
BRDA:37,5,0,2
BRDA:37,5,1,1
BRF:12
BRH:12
end_of_record
TN:
SF:src\db\index.js
FNF:0
FNH:0
DA:1,7
DA:3,7
DA:5,7
LF:3
LH:3
BRF:0
BRH:0
end_of_record
TN:
SF:src\middleware\imagekit.js
FNF:0
FNH:0
DA:1,1
DA:7,1
DA:9,1
LF:3
LH:3
BRF:0
BRH:0
end_of_record
TN:
SF:src\middleware\restrict.js
FN:4,(anonymous_0)
FN:17,(anonymous_1)
FNF:2
FNH:2
FNDA:4,(anonymous_0)
FNDA:2,(anonymous_1)
DA:1,3
DA:2,3
DA:4,3
DA:5,4
DA:7,4
DA:8,2
DA:15,2
DA:17,2
DA:18,2
DA:19,1
DA:27,1
DA:28,1
LF:12
LH:12
BRDA:7,0,0,2
BRDA:7,0,1,2
BRDA:7,1,0,4
BRDA:7,1,1,3
BRDA:18,2,0,1
BRDA:18,2,1,1
BRF:6
BRH:6
end_of_record
TN:
SF:src\middleware\validator.js
FN:52,(anonymous_0)
FN:204,(anonymous_1)
FN:212,(anonymous_2)
FN:220,(anonymous_3)
FN:230,(anonymous_4)
FN:238,(anonymous_5)
FNF:6
FNH:6
FNDA:2,(anonymous_0)
FNDA:2,(anonymous_1)
FNDA:2,(anonymous_2)
FNDA:2,(anonymous_3)
FNDA:2,(anonymous_4)
FNDA:2,(anonymous_5)
DA:1,1
DA:3,1
DA:52,1
DA:53,2
DA:54,2
DA:55,1
DA:57,1
DA:60,1
DA:105,1
DA:139,1
DA:173,1
DA:184,1
DA:204,1
DA:205,2
DA:206,2
DA:207,1
DA:209,1
DA:212,1
DA:213,2
DA:214,2
DA:215,1
DA:217,1
DA:220,1
DA:221,2
DA:223,2
DA:224,1
DA:227,1
DA:230,1
DA:231,2
DA:232,2
DA:233,1
DA:235,1
DA:238,1
DA:239,2
DA:240,2
DA:241,1
DA:243,1
DA:247,1
LF:38
LH:38
BRDA:54,0,0,1
BRDA:54,0,1,1
BRDA:206,1,0,1
BRDA:206,1,1,1
BRDA:214,2,0,1
BRDA:214,2,1,1
BRDA:223,3,0,1
BRDA:223,3,1,1
BRDA:232,4,0,1
BRDA:232,4,1,1
BRDA:240,5,0,1
BRDA:240,5,1,1
BRF:12
BRH:12
end_of_record
TN:
SF:src\services\auth.js
FN:8,(anonymous_0)
FN:30,(anonymous_1)
FN:39,(anonymous_2)
FN:52,(anonymous_3)
FN:67,(anonymous_4)
FNF:5
FNH:5
FNDA:3,(anonymous_0)
FNDA:1,(anonymous_1)
FNDA:2,(anonymous_2)
FNDA:2,(anonymous_3)
FNDA:1,(anonymous_4)
DA:1,2
DA:2,2
DA:3,2
DA:4,2
DA:5,2
DA:9,3
DA:10,3
DA:14,3
DA:15,1
DA:18,2
DA:19,2
DA:20,1
DA:23,1
DA:24,1
DA:26,2
DA:33,1
DA:40,2
DA:41,2
DA:42,2
DA:46,1
DA:48,1
DA:53,2
DA:54,2
DA:58,2
DA:59,1
DA:61,1
DA:63,1
DA:68,1
DA:74,2
LF:29
LH:29
BRDA:14,0,0,1
BRDA:14,0,1,2
BRDA:19,1,0,1
BRDA:19,1,1,1
BRDA:58,2,0,1
BRDA:58,2,1,1
BRF:6
BRH:6
end_of_record
TN:
SF:src\services\bank_accounts.js
FN:5,(anonymous_0)
FN:12,(anonymous_1)
FN:21,(anonymous_2)
FN:40,(anonymous_3)
FN:54,(anonymous_4)
FN:75,(anonymous_5)
FN:99,(anonymous_6)
FN:128,(anonymous_7)
FN:163,(anonymous_8)
FNF:9
FNH:9
FNDA:3,(anonymous_0)
FNDA:3,(anonymous_1)
FNDA:3,(anonymous_2)
FNDA:3,(anonymous_3)
FNDA:2,(anonymous_4)
FNDA:2,(anonymous_5)
FNDA:2,(anonymous_6)
FNDA:5,(anonymous_7)
FNDA:4,(anonymous_8)
DA:1,2
DA:4,2
DA:6,3
DA:7,3
DA:8,3
DA:9,3
DA:13,3
DA:16,3
DA:17,1
DA:22,3
DA:24,3
DA:26,2
DA:34,1
DA:36,2
DA:41,3
DA:42,3
DA:48,2
DA:50,1
DA:55,2
DA:56,2
DA:65,2
DA:66,1
DA:69,1
DA:71,1
DA:76,2
DA:77,2
DA:83,2
DA:84,1
DA:87,1
DA:93,1
DA:95,1
DA:100,2
DA:101,2
DA:107,2
DA:108,1
DA:111,1
DA:122,1
DA:124,1
DA:129,5
DA:130,5
DA:136,5
DA:137,1
DA:140,4
DA:141,2
DA:144,2
DA:145,1
DA:148,1
DA:157,1
DA:159,4
DA:164,4
DA:165,4
DA:171,4
DA:172,1
DA:175,3
DA:176,2
DA:179,1
DA:188,1
DA:190,3
DA:195,2
LF:59
LH:59
BRDA:16,0,0,1
BRDA:16,0,1,2
BRDA:65,1,0,1
BRDA:65,1,1,1
BRDA:83,2,0,1
BRDA:83,2,1,1
BRDA:107,3,0,1
BRDA:107,3,1,1
BRDA:136,4,0,1
BRDA:136,4,1,4
BRDA:140,5,0,2
BRDA:140,5,1,2
BRDA:144,6,0,1
BRDA:144,6,1,1
BRDA:171,7,0,1
BRDA:171,7,1,3
BRDA:175,8,0,2
BRDA:175,8,1,1
BRF:18
BRH:18
end_of_record
TN:
SF:src\services\media.js
FN:5,(anonymous_0)
FN:14,(anonymous_1)
FN:26,(anonymous_2)
FN:34,(anonymous_3)
FN:43,(anonymous_4)
FN:56,(anonymous_5)
FNF:6
FNH:6
FNDA:2,(anonymous_0)
FNDA:3,(anonymous_1)
FNDA:1,(anonymous_2)
FNDA:3,(anonymous_3)
FNDA:4,(anonymous_4)
FNDA:2,(anonymous_5)
DA:1,2
DA:2,2
DA:6,2
DA:8,2
DA:15,3
DA:27,1
DA:35,3
DA:44,4
DA:48,4
DA:50,3
DA:51,2
DA:57,2
DA:64,2
LF:13
LH:13
BRDA:18,0,0,3
BRDA:18,0,1,1
BRDA:48,1,0,1
BRDA:48,1,1,3
BRF:4
BRH:4
end_of_record
TN:
SF:src\services\profiles.js
FN:5,(anonymous_0)
FN:11,(anonymous_1)
FN:27,(anonymous_2)
FNF:3
FNH:3
FNDA:6,(anonymous_0)
FNDA:3,(anonymous_1)
FNDA:3,(anonymous_2)
DA:1,5
DA:4,5
DA:6,6
DA:7,6
DA:8,6
DA:12,3
DA:13,3
DA:21,2
DA:23,1
DA:28,3
DA:29,3
DA:34,2
DA:36,1
DA:41,5
LF:14
LH:14
BRF:0
BRH:0
end_of_record
TN:
SF:src\services\transactions.js
FN:5,(anonymous_0)
FN:11,(anonymous_1)
FN:13,(anonymous_2)
FN:43,(anonymous_3)
FN:55,(anonymous_4)
FN:61,(anonymous_5)
FN:68,(anonymous_6)
FN:82,(anonymous_7)
FNF:8
FNH:8
FNDA:4,(anonymous_0)
FNDA:4,(anonymous_1)
FNDA:4,(anonymous_2)
FNDA:6,(anonymous_3)
FNDA:3,(anonymous_4)
FNDA:2,(anonymous_5)
FNDA:2,(anonymous_6)
FNDA:3,(anonymous_7)
DA:1,2
DA:4,2
DA:6,4
DA:7,4
DA:8,4
DA:12,4
DA:13,4
DA:15,4
DA:17,3
DA:19,2
DA:21,1
DA:23,1
DA:25,1
DA:33,1
DA:36,1
DA:39,3
DA:44,6
DA:48,6
DA:49,2
DA:52,4
DA:56,3
DA:57,1
DA:62,2
DA:69,2
DA:70,2
DA:76,1
DA:78,1
DA:83,3
DA:84,3
DA:94,2
DA:96,1
DA:101,2
LF:32
LH:32
BRDA:48,0,0,2
BRDA:48,0,1,4
BRDA:56,1,0,1
BRDA:56,1,1,2
BRF:4
BRH:4
end_of_record
TN:
SF:src\services\users.js
FN:7,(anonymous_0)
FN:14,(anonymous_1)
FN:25,(anonymous_2)
FN:46,(anonymous_3)
FN:69,(anonymous_4)
FNF:5
FNH:5
FNDA:4,(anonymous_0)
FNDA:4,(anonymous_1)
FNDA:1,(anonymous_2)
FNDA:3,(anonymous_3)
FNDA:3,(anonymous_4)
DA:1,4
DA:2,4
DA:3,4
DA:6,4
DA:8,4
DA:9,4
DA:10,4
DA:15,4
DA:16,4
DA:20,4
DA:21,1
DA:24,3
DA:25,2
DA:26,1
DA:33,1
DA:35,1
DA:37,1
DA:40,1
DA:42,3
DA:47,3
DA:48,3
DA:63,2
DA:65,1
DA:70,3
DA:71,3
DA:77,2
DA:79,1
DA:85,4
LF:28
LH:28
BRDA:20,0,0,1
BRDA:20,0,1,3
BRF:2
BRH:2
end_of_record
